Nov 03 01:28 : exception: Failed to open '/home/abel/.config/mpd/mpdstate': No such file or directory
Nov 03 01:28 : config: option 'buffer_time' on line 219 was not recognized
Nov 03 01:28 : update: added 中文/Jam - 不露声色.mp3
Nov 03 01:28 : update: added 中文/JUSF周存,洛天依 - 【洛天依原创】火烧云-重制版【尉迟真金印象曲】.mp3
Nov 03 01:28 : update: added 中文/Rosa - 自言自语（Cover 洛天依 ／ sya）.mp3
Nov 03 01:28 : update: added 中文/三无MarBlue - 深夜诗人.mp3
Nov 03 01:28 : update: added 中文/三无MarBlue - 达拉崩吧（Cover 洛天依&言和）.mp3
Nov 03 01:28 : update: added 中文/上海彩虹室内合唱团 - 张士超你到底把我家钥匙放在哪里了.mp3
Nov 03 01:28 : update: added 中文/乐正绫,洛天依,COP - 世末歌者.mp3
Nov 03 01:28 : update: added 中文/乐正绫,純白P,洛天依 - 白石溪.mp3
Nov 03 01:28 : update: added 中文/乐正绫,言和 - 清明上河图.mp3
Nov 03 01:28 : update: added 中文/买辣椒也用券 - 起风了.mp3
Nov 03 01:28 : update: added 中文/伦桑 - 苦行僧（Cover 原唱：崔健 ／ 版本：GAI）.mp3
Nov 03 01:28 : update: added 中文/光良 - 童话.mp3
Nov 03 01:28 : update: added 中文/兮曰Crandy - 千本中国通史.mp3
Nov 03 01:28 : update: added 中文/周杰伦,蔡威泽 - 魔术与歌曲：告白气球.mp3
Nov 03 01:28 : update: added 中文/嘟督不噶油 - 深夜浪人（Cover：洛天依&言和）.mp3
Nov 03 01:28 : update: added 中文/夏天Alex - 不再联系.mp3
Nov 03 01:28 : update: added 中文/寇家伦,时乐濛,孟贵彬 - 黄河大合唱.mp3
Nov 03 01:28 : update: added 中文/左宏元,张慧清 - 渡情.mp3
Nov 03 01:28 : update: added 中文/徐良 - 月光.mp3
Nov 03 01:28 : update: added 中文/徐良,汪苏泷 - 后会无期.mp3
Nov 03 01:28 : update: added 中文/戴荃 - 悟空.mp3
Nov 03 01:28 : update: added 中文/排骨教主,Payam1(黛米） - 【排骨xPayam1】东京不太热.mp3
Nov 03 01:28 : update: added 中文/排骨教主,Payam1(黛米） - 【排骨xPayam1】干物女（weiwei）.mp3
Nov 03 01:28 : update: added 中文/散华悠 - 告一段落（cover：陈一发儿）.mp3
Nov 03 01:28 : update: added 中文/星尘,純白P - 中华纯白娘.mp3
Nov 03 01:28 : update: added 中文/李玲玉 - 女儿情.mp3
Nov 03 01:28 : update: added 中文/林志炫 - 烟花易冷.mp3
Nov 03 01:28 : update: added 中文/汪苏泷 - 巴赫旧约.mp3
Nov 03 01:28 : update: added 中文/泠鸢yousa - 【取经计划·原创】新·九九八十一（官方优化版）.mp3
Nov 03 01:28 : update: added 中文/洛天依 - 世末积雨云.mp3
Nov 03 01:28 : update: added 中文/洛天依 - 君临天下.mp3
Nov 03 01:28 : update: added 中文/洛天依 - 天行健.flac
Nov 03 01:28 : update: added 中文/洛天依,乌龟Sui - 权御天下.mp3
Nov 03 01:28 : update: added 中文/洛天依,乐正绫 - 双生契.flac
Nov 03 01:28 : update: added 中文/洛天依,乐正绫 - 锦鲤抄.mp3
Nov 03 01:28 : update: added 中文/洛天依,乐正绫,COP - 霜雪千年.mp3
Nov 03 01:28 : update: added 中文/洛天依,乐正绫,空气凝 - 孙尚香.mp3
Nov 03 01:28 : update: added 中文/洛天依,言和 - 神经病之歌.mp3
Nov 03 01:28 : update: added 中文/洛天依,言和 - 花儿纳吉.mp3
Nov 03 01:28 : update: added 中文/洛天依,言和,ilem - 葬歌.mp3
Nov 03 01:28 : update: added 中文/洛天依,言和,ilem - 阴阳先生.mp3
Nov 03 01:28 : update: added 中文/洛天依,许嵩 - 深夜书店.mp3
Nov 03 01:28 : update: added 中文/炸厕工作室 - 人命大如天·嘉州失盗案（翻自 Skylar Grey）.flac
Nov 03 01:28 : update: added 中文/炸厕工作室 - 人命大如天·洗冤最终章.mp3
Nov 03 01:28 : update: added 中文/炸厕工作室 - 先秦风骨·诸子百家（Cover 李荣浩）.mp3
Nov 03 01:28 : update: added 中文/炸厕工作室 - 天下第一疏·门神崛起.mp3
Nov 03 01:28 : update: added 中文/炸厕工作室 - 部落到帝国·怒斥群臣.mp3
Nov 03 01:28 : update: added 中文/炸厕工作室,-乐明社- - 灯芯不灭.flac
Nov 03 01:28 : update: added 中文/炸厕工作室,Mr.Tear - 人命大如天·史文俊案(冤魂生灭).flac
Nov 03 01:28 : update: added 中文/肥皂菌丨珉珉的猫咪丨 - 万神纪（人声本家·正式版）.mp3
Nov 03 01:28 : update: added 中文/胡夏 - 同桌的你.mp3
Nov 03 01:28 : update: added 中文/蒋志光,罗大佑 - 皇后大道东.mp3
Nov 03 01:28 : update: added 中文/薛之谦 - 绅士.mp3
Nov 03 01:28 : update: added 中文/西瓜JUN - 长生诀.flac
Nov 03 01:28 : update: added 中文/赵雷 - 成都.mp3
Nov 03 01:28 : update: added 中文/郑绪岚 - 牧羊曲.mp3
Nov 03 01:28 : update: added 中文/郭顶 - 保留.mp3
Nov 03 01:28 : update: added 中文/郭顶 - 想着你.mp3
Nov 03 01:28 : update: added 中文/郭顶 - 水星记.mp3
Nov 03 01:28 : update: added 中文/银临,Aki阿杰 - 牵丝戏.mp3
Nov 03 01:28 : update: added 中文/陈力 - 枉凝眉.mp3
Nov 03 01:28 : update: added 中文/顾振遐,高鸣 - 天上掉下个林妹妹.mp3
Nov 03 01:28 : update: added 中文/周杰伦/周杰伦 - Intro.flac
Nov 03 01:28 : update: added 中文/周杰伦/周杰伦 - Mojito.flac
Nov 03 01:28 : update: added 中文/周杰伦/周杰伦 - 一路向北.flac
Nov 03 01:28 : update: added 中文/周杰伦/周杰伦 - 七里香.flac
Nov 03 01:28 : update: added 中文/周杰伦/周杰伦 - 三年二班.flac
Nov 03 01:28 : update: added 中文/周杰伦/周杰伦 - 上海一九四三.flac
Nov 03 01:28 : update: added 中文/周杰伦/周杰伦 - 不爱我就拉倒.flac
Nov 03 01:28 : update: added 中文/周杰伦/周杰伦 - 东风破.flac
Nov 03 01:28 : update: added 中文/周杰伦/周杰伦 - 乱舞春秋.flac
Nov 03 01:28 : update: added 中文/周杰伦/周杰伦 - 以父之名.flac
Nov 03 01:28 : update: added 中文/周杰伦/周杰伦 - 你听得到.flac
Nov 03 01:28 : update: added 中文/周杰伦/周杰伦 - 倒影.flac
Nov 03 01:28 : update: added 中文/周杰伦/周杰伦 - 借口.flac
Nov 03 01:28 : update: added 中文/周杰伦/周杰伦 - 分裂.flac
Nov 03 01:28 : update: added 中文/周杰伦/周杰伦 - 半兽人.flac
Nov 03 01:28 : update: added 中文/周杰伦/周杰伦 - 半岛铁盒.flac
Nov 03 01:28 : update: added 中文/周杰伦/周杰伦 - 双刀.flac
Nov 03 01:28 : update: added 中文/周杰伦/周杰伦 - 双截棍.flac
Nov 03 01:28 : update: added 中文/周杰伦/周杰伦 - 发如雪.flac
Nov 03 01:28 : update: added 中文/周杰伦/周杰伦 - 同一种调调.flac
Nov 03 01:28 : update: added 中文/周杰伦/周杰伦 - 回到过去.flac
Nov 03 01:28 : update: added 中文/周杰伦/周杰伦 - 园游会.flac
Nov 03 01:28 : update: added 中文/周杰伦/周杰伦 - 困兽之斗.flac
Nov 03 01:28 : update: added 中文/周杰伦/周杰伦 - 外婆.flac
Nov 03 01:28 : update: added 中文/周杰伦/周杰伦 - 夜曲.flac
Nov 03 01:28 : update: added 中文/周杰伦/周杰伦 - 她的睫毛.flac
Nov 03 01:28 : update: added 中文/周杰伦/周杰伦 - 威廉古堡.flac
Nov 03 01:28 : update: added 中文/周杰伦/周杰伦 - 安静.flac
Nov 03 01:28 : update: added 中文/周杰伦/周杰伦 - 对不起.flac
Nov 03 01:28 : update: added 中文/周杰伦/周杰伦 - 将军.flac
Nov 03 01:28 : update: added 中文/周杰伦/周杰伦 - 开不了口.flac
Nov 03 01:28 : update: added 中文/周杰伦/周杰伦 - 忍者.flac
Nov 03 01:28 : update: added 中文/周杰伦/周杰伦 - 懦夫.flac
Nov 03 01:28 : update: added 中文/周杰伦/周杰伦 - 我是如此相信.flac
Nov 03 01:28 : update: added 中文/周杰伦/周杰伦 - 我的地盘.flac
Nov 03 01:28 : update: added 中文/周杰伦/周杰伦 - 搁浅.flac
Nov 03 01:28 : update: added 中文/周杰伦/周杰伦 - 晴天.flac
Nov 03 01:28 : update: added 中文/周杰伦/周杰伦 - 暗号.flac
Nov 03 01:28 : update: added 中文/周杰伦/周杰伦 - 最伟大的作品.flac
Nov 03 01:28 : update: added 中文/周杰伦/周杰伦 - 最后的战役.flac
Nov 03 01:28 : update: added 中文/周杰伦/周杰伦 - 枫.flac
Nov 03 01:28 : update: added 中文/周杰伦/周杰伦 - 梯田.flac
Nov 03 01:28 : update: added 中文/周杰伦/周杰伦 - 止战之殇.flac
Nov 03 01:28 : update: added 中文/周杰伦/周杰伦 - 浪漫手机.flac
Nov 03 01:28 : update: added 中文/周杰伦/周杰伦 - 火车叨位去.flac
Nov 03 01:28 : update: added 中文/周杰伦/周杰伦 - 爱在西元前.flac
Nov 03 01:28 : update: added 中文/周杰伦/周杰伦 - 爱情悬崖.flac
Nov 03 01:28 : update: added 中文/周杰伦/周杰伦 - 爷爷泡的茶.flac
Nov 03 01:28 : update: added 中文/周杰伦/周杰伦 - 爸，我回来了.flac
Nov 03 01:28 : update: added 中文/周杰伦/周杰伦 - 等你下课 (with 杨瑞代).flac
Nov 03 01:28 : update: added 中文/周杰伦/周杰伦 - 简单爱.flac
Nov 03 01:28 : update: added 中文/周杰伦/周杰伦 - 米兰的小铁匠.flac
Nov 03 01:28 : update: added 中文/周杰伦/周杰伦 - 粉色海洋.flac
Nov 03 01:28 : update: added 中文/周杰伦/周杰伦 - 红颜如霜.flac
Nov 03 01:28 : update: added 中文/周杰伦/周杰伦 - 蓝色风暴.flac
Nov 03 01:28 : update: added 中文/周杰伦/周杰伦 - 说好不哭 (with 五月天阿信).flac
Nov 03 01:28 : update: added 中文/周杰伦/周杰伦 - 还在流浪.flac
Nov 03 01:28 : update: added 中文/周杰伦/周杰伦 - 逆鳞.flac
Nov 03 01:28 : update: added 中文/周杰伦/周杰伦 - 错过的烟火.flac
Nov 03 01:28 : update: added 中文/周杰伦/周杰伦 - 飘移.flac
Nov 03 01:28 : update: added 中文/周杰伦/周杰伦 - 麦芽糖.flac
Nov 03 01:28 : update: added 中文/周杰伦/周杰伦 - 黑色毛衣.flac
Nov 03 01:28 : update: added 中文/周杰伦/周杰伦 - 龙拳.flac
Nov 03 01:28 : update: added 中文/周杰伦/周杰伦 _ Lara梁心颐 - 珊瑚海.flac
Nov 03 01:28 : update: added 中文/周杰伦/周杰伦 _ 林迈可 - 四面楚歌.flac
Nov 03 01:28 : update: added 中文/许嵩/千百度-许嵩.flac
Nov 03 01:28 : update: added 中文/许嵩/许嵩 - Play With Style.flac
Nov 03 01:28 : update: added 中文/许嵩/许嵩 - 亲情式的爱情.flac
Nov 03 01:28 : update: added 中文/许嵩/许嵩 - 伴虎.flac
Nov 03 01:28 : update: added 中文/许嵩/许嵩 - 全球变冷.flac
Nov 03 01:28 : update: added 中文/许嵩/许嵩 - 内线.flac
Nov 03 01:28 : update: added 中文/许嵩/许嵩 - 医生.flac
Nov 03 01:28 : update: added 中文/许嵩/许嵩 - 千百度.flac
Nov 03 01:28 : update: added 中文/许嵩/许嵩 - 双人旁.flac
Nov 03 01:28 : update: added 中文/许嵩/许嵩 - 坏孩子.flac
Nov 03 01:28 : update: added 中文/许嵩/许嵩 - 城府.flac
Nov 03 01:28 : update: added 中文/许嵩/许嵩 - 多余的解释.flac
Nov 03 01:28 : update: added 中文/许嵩/许嵩 - 如果当时.flac
Nov 03 01:28 : update: added 中文/许嵩/许嵩 - 安徒生不后悔.mp3
Nov 03 01:28 : update: added 中文/许嵩/许嵩 - 对话老师.flac
Nov 03 01:28 : update: added 中文/许嵩/许嵩 - 幻听.flac
Nov 03 01:28 : update: added 中文/许嵩/许嵩 - 庐州月.mp3
Nov 03 01:28 : update: added 中文/许嵩/许嵩 - 微博控.flac
Nov 03 01:28 : update: added 中文/许嵩/许嵩 - 心疼你的过去.flac
Nov 03 01:28 : update: added 中文/许嵩/许嵩 - 想象之中.flac
Nov 03 01:28 : update: added 中文/许嵩/许嵩 - 拆东墙.flac
Nov 03 01:28 : update: added 中文/许嵩/许嵩 - 敬酒不吃.flac
Nov 03 01:28 : update: added 中文/许嵩/许嵩 - 星座书上.flac
Nov 03 01:28 : update: added 中文/许嵩/许嵩 - 有何不可.flac
Nov 03 01:28 : update: added 中文/许嵩/许嵩 - 毁人不倦.flac
Nov 03 01:28 : update: added 中文/许嵩/许嵩 - 河山大好.flac
Nov 03 01:28 : update: added 中文/许嵩/许嵩 - 清明雨上.flac
Nov 03 01:28 : update: added 中文/许嵩/许嵩 - 玫瑰花的葬礼.mp3
Nov 03 01:28 : update: added 中文/许嵩/许嵩 - 绝代风华.mp3
Nov 03 01:28 : update: added 中文/许嵩/许嵩 - 胡萝卜须.flac
Nov 03 01:28 : update: added 中文/许嵩/许嵩 - 装糊涂.flac
Nov 03 01:28 : update: added 中文/许嵩/许嵩 - 认错.flac
Nov 03 01:28 : update: added 中文/许嵩/许嵩 - 闺蜜.flac
Nov 03 01:28 : update: added 中文/许嵩/许嵩 - 降温.flac
Nov 03 01:28 : update: added 日语/ひとしずく×やま△,初音ミク,鏡音レン - EveR ∞ LastinG ∞ NighT.mp3
Nov 03 01:28 : update: added 日语/初音ミク - からくりピエロ.mp3
Nov 03 01:28 : update: added 日语/初音ミク,GUMI,ひとしずく×やま△ - Crazy ∞ nighT.mp3
Nov 03 01:28 : update: added 日语/初音ミク,鏡音リン,鏡音レン - Bad ∞ End ∞ Night.mp3
Nov 03 01:28 : update: added 日语/松たか子 - 花のように.mp3
Nov 03 01:28 : update: added 日语/水瀬いのり,久保ユリカ - 動く、動く.flac
Nov 03 01:28 : update: added 日语/浮森かや子 - 魔女狩り.mp3
Nov 03 01:28 : update: added 日语/紲星あかり,GYARI - アカリがやってきたぞっ.flac
Nov 03 01:28 : update: added 日语/赤﨑千夏,戸松遥,豊崎愛生 - 輪!Moon!dass!cry!.flac
Nov 03 01:28 : update: added 纯音乐/Various Artists - 卡农（木吉他独奏版）.mp3
Nov 03 01:28 : update: added 纯音乐/上田麗奈,高野麻里佳 - 英雄の証 〜 ミラクル☆ミルクティ.mp3
Nov 03 01:28 : update: added 纯音乐/久石譲 - Confessions in the Moonlight.mp3
Nov 03 01:28 : update: added 纯音乐/仓健 - 拉利亚的祭典.mp3
Nov 03 01:28 : update: added 纯音乐/小胡仙儿 - The Fox.mp3
Nov 03 01:28 : update: added 纯音乐/小胡仙儿 - 神经病之歌 - 二胡.mp3
Nov 03 01:28 : update: added 纯音乐/山下和仁 - 阿尔罕布拉宫的回忆.mp3
Nov 03 01:28 : update: added 纯音乐/康貞蘭 - 英雄の証 ～ Monster Hunter： World version (Extended edition).flac
Nov 03 01:28 : update: added 纯音乐/群星 - 月光奏鸣曲 (贝多芬).mp3
Nov 03 01:28 : update: added 纯音乐/贝多芬 - 月光奏鸣曲.mp3
Nov 03 01:28 : update: added 纯音乐/陈亮 - 无题.mp3
Nov 03 01:28 : update: added 纯音乐/陈亮 宋依凡 - 鲸歌（Cover 萨满乐队）.flac
Nov 03 01:28 : update: added 英文/Against the Current - Legends Never Die.mp3
Nov 03 01:28 : update: added 英文/Ajour,骁奕 - SCP：SL Alpha Warhead Annoucer (Old) (旧版α弹头播报音).flac
Nov 03 01:28 : update: added 英文/Alan Walker,Iselin Solheim - Faded.mp3
Nov 03 01:28 : update: added 英文/Avril Lavigne - Complicated.mp3
Nov 03 01:28 : update: added 英文/Camila Cabello,Young Thug - Havana.mp3
Nov 03 01:28 : update: added 英文/Clean Bandit,Jess Glynne - Rather Be.mp3
Nov 03 01:28 : update: added 英文/David Garrett - Smooth Criminal (Michael Jackson).mp3
Nov 03 01:28 : update: added 英文/David Garrett - Viva La Vida.mp3
Nov 03 01:28 : update: added 英文/Eagles - Hotel California (Live) - live.mp3
Nov 03 01:28 : update: added 英文/Ed Sheeran - Shape of You.mp3
Nov 03 01:28 : update: added 英文/Emily Bindiger - my long forgotten cloistered sleep (unreleased work of Xenosaga).flac
Nov 03 01:28 : update: added 英文/Eminem,Rihanna - Love The Way You Lie.mp3
Nov 03 01:28 : update: added 英文/Flo Rida - Whistle.mp3
Nov 03 01:28 : update: added 英文/Fort Minor,Styles of Beyond - Remember The Name.mp3
Nov 03 01:28 : update: added 英文/H. P. Lovecraft Historical Society - The Carol of the Old Ones.mp3
Nov 03 01:28 : update: added 英文/Imagine Dragons - Thunder.mp3
Nov 03 01:28 : update: added 英文/Imagine Dragons,Kaskade - Believer (Kaskade Remix).mp3
Nov 03 01:28 : update: added 英文/Jesper Kyd - Ezio's Family.mp3
Nov 03 01:28 : update: added 英文/Joel Adams - Please Don't Go.mp3
Nov 03 01:28 : update: added 英文/Jordan Reyne,Michael A. Levine - Go Tell Aunt Rhody - Resident Evil (Full Version).mp3
Nov 03 01:28 : update: added 英文/KBShinya,A路人 - 深夜诗人英文版（Cover 洛天依 ／ 言和）.mp3
Nov 03 01:28 : update: added 英文/Klaus Badelt - He's a Pirate.mp3
Nov 03 01:28 : update: added 英文/Lindsey Stirling - Carol Of The Bells.mp3
Nov 03 01:28 : update: added 英文/Luciano Pavarotti - Di Capua： 'O Sole Mio.mp3
Nov 03 01:28 : update: added 英文/Luis Fonsi,Daddy Yankee,Justin Bieber - Despacito (Remix).mp3
Nov 03 01:28 : update: added 英文/Maroon 5 - Sugar.mp3
Nov 03 01:28 : update: added 英文/Marshmello,Anne-Marie - FRIENDS.mp3
Nov 03 01:28 : update: added 英文/Matteo - Panama.mp3
Nov 03 01:28 : update: added 英文/Michael Jackson - Hollywood Tonight.mp3
Nov 03 01:28 : update: added 英文/Miley Cyrus - Wrecking Ball.mp3
Nov 03 01:28 : update: added 英文/Nicolas de Angelis - Asturias.mp3
Nov 03 01:28 : update: added 英文/OneRepublic - Counting Stars.mp3
Nov 03 01:28 : update: added 英文/Piknik - Полюшко-поле.mp3
Nov 03 01:28 : update: added 英文/The Chainsmokers,Coldplay - Something Just Like This.mp3
Nov 03 01:28 : update: added 英文/The Chainsmokers,Halsey - Closer.mp3
Nov 03 01:28 : update: added 英文/The Glitch Mob,Mako,The Word Alive - RISE.mp3
Nov 03 01:28 : update: added 英文/TheFatRat,Laura Brehm - Monody.mp3
Nov 03 01:28 : update: added 英文/商越kori - Megalomaniac／狂妄之人（翻自 Aria R.）.mp3
Nov 03 16:43 : exception: Failed to open '/home/abel/.config/mpd/mpdstate': No such file or directory
Nov 03 16:43 : config: option 'buffer_time' on line 219 was not recognized
Nov 03 16:43 : exception: Failed to open '/home/abel/.config/mpd/mpdstate': No such file or directory
Nov 03 16:43 : config: option 'buffer_time' on line 219 was not recognized
Nov 03 16:43 : exception: Failed to open '/home/abel/.config/mpd/mpdstate': No such file or directory
Nov 03 16:43 : config: option 'buffer_time' on line 219 was not recognized
Nov 03 16:44 : exception: Failed to open '/home/abel/.config/mpd/mpdstate': No such file or directory
Nov 03 16:44 : config: option 'buffer_time' on line 219 was not recognized
Nov 03 16:44 : exception: Failed to commit /home/abel/.config/mpd/mpdstate: File exists
Nov 03 16:44 : exception: Failed to commit /home/abel/.config/mpd/mpdstate: File exists
Nov 03 16:44 : config: option 'buffer_time' on line 219 was not recognized
Nov 03 16:50 : player: played "中文/肥皂菌丨珉珉的猫咪丨 - 万神纪（人声本家·正式版）.mp3"
Nov 03 16:55 : flac: FLAC__STREAM_DECODER_ERROR_STATUS_LOST_SYNC
Nov 03 16:55 : player: played "中文/周杰伦/周杰伦 - 分裂.flac"
Nov 03 16:59 : flac: FLAC__STREAM_DECODER_ERROR_STATUS_LOST_SYNC
Nov 03 16:59 : player: played "中文/周杰伦/周杰伦 - 半兽人.flac"
Nov 03 17:04 : flac: FLAC__STREAM_DECODER_ERROR_STATUS_LOST_SYNC
Nov 03 17:04 : player: played "中文/周杰伦/周杰伦 - 半岛铁盒.flac"
Nov 03 17:08 : flac: FLAC__STREAM_DECODER_ERROR_STATUS_LOST_SYNC
Nov 03 17:08 : player: played "中文/周杰伦/周杰伦 - 回到过去.flac"
Nov 03 17:13 : flac: FLAC__STREAM_DECODER_ERROR_STATUS_LOST_SYNC
Nov 03 17:13 : player: played "中文/周杰伦/周杰伦 - 暗号.flac"
Nov 03 17:17 : flac: FLAC__STREAM_DECODER_ERROR_STATUS_LOST_SYNC
Nov 03 17:17 : player: played "中文/周杰伦/周杰伦 - 最后的战役.flac"
Nov 03 17:21 : flac: FLAC__STREAM_DECODER_ERROR_STATUS_LOST_SYNC
Nov 03 17:22 : player: played "中文/周杰伦/周杰伦 - 火车叨位去.flac"
Nov 03 17:25 : config: option 'buffer_time' on line 219 was not recognized
Nov 03 17:25 : config: option 'buffer_time' on line 219 was not recognized
Nov 03 17:26 : exception: Failed to commit /home/abel/.config/mpd/mpdstate: File exists
Nov 03 17:26 : player: played "中文/周杰伦/周杰伦 - 爷爷泡的茶.flac"
Nov 03 17:26 : player: played "中文/周杰伦/周杰伦 - 爷爷泡的茶.flac"
Nov 03 17:26 : player: played "中文/周杰伦/周杰伦 - 爷爷泡的茶.flac"
Nov 03 17:26 : config: option 'buffer_time' on line 219 was not recognized
Nov 03 17:27 : flac: FLAC__STREAM_DECODER_ERROR_STATUS_LOST_SYNC
Nov 03 17:27 : player: played "中文/周杰伦/周杰伦 - 爷爷泡的茶.flac"
Nov 03 17:30 : config: option 'buffer_time' on line 219 was not recognized
Nov 03 17:32 : config: option 'buffer_time' on line 219 was not recognized
Nov 03 17:32 : flac: FLAC__STREAM_DECODER_ERROR_STATUS_LOST_SYNC
Nov 03 17:32 : player: played "中文/周杰伦/周杰伦 - 米兰的小铁匠.flac"
Nov 03 17:33 : exception: Failed to commit /home/abel/.config/mpd/mpdstate: File exists
Nov 03 17:33 : player: played "中文/周杰伦/周杰伦 - 龙拳.flac"
Nov 03 17:33 : player: played "中文/周杰伦/周杰伦 - 米兰的小铁匠.flac"
Nov 03 17:33 : player: played "中文/周杰伦/周杰伦 - 米兰的小铁匠.flac"
Nov 04 19:53 : config: option 'buffer_time' on line 219 was not recognized
Nov 04 19:53 : exception: Failed to enable output "My Pulse Output" (pulse); pa_context_connect() has failed: Connection refused
Nov 04 19:53 : exception: Failed to enable output "My Pulse Output" (pulse); pa_context_connect() has failed: Connection refused
Nov 04 19:54 : flac: FLAC__STREAM_DECODER_ERROR_STATUS_LOST_SYNC
Nov 04 19:54 : player: played "中文/周杰伦/周杰伦 - 米兰的小铁匠.flac"
Nov 04 19:54 : exception: Failed to enable output "My Pulse Output" (pulse); pa_context_connect() has failed: Connection refused
Nov 04 19:58 : flac: FLAC__STREAM_DECODER_ERROR_STATUS_LOST_SYNC
Nov 04 19:58 : player: played "中文/周杰伦/周杰伦 - 龙拳.flac"
Nov 05 12:44 : config: option 'buffer_time' on line 219 was not recognized
Nov 05 15:01 : config: option 'buffer_time' on line 219 was not recognized
Nov 05 21:01 : config: option 'buffer_time' on line 219 was not recognized
Nov 06 23:18 : config: option 'buffer_time' on line 219 was not recognized
Nov 07 15:41 : config: option 'buffer_time' on line 219 was not recognized
Nov 08 12:33 : config: option 'buffer_time' on line 219 was not recognized
Nov 08 15:12 : config: option 'buffer_time' on line 219 was not recognized
Nov 08 17:25 : config: option 'buffer_time' on line 219 was not recognized
Nov 09 12:54 : config: option 'buffer_time' on line 219 was not recognized
Nov 09 18:26 : config: option 'buffer_time' on line 219 was not recognized
Nov 09 22:19 : config: option 'buffer_time' on line 219 was not recognized
Nov 10 02:48 : config: option 'buffer_time' on line 219 was not recognized
Nov 10 10:59 : config: option 'buffer_time' on line 219 was not recognized
Nov 10 22:28 : config: option 'buffer_time' on line 219 was not recognized
Nov 11 17:28 : config: option 'buffer_time' on line 219 was not recognized
Nov 11 18:09 : config: option 'buffer_time' on line 219 was not recognized
Nov 12 14:04 : config: option 'buffer_time' on line 219 was not recognized
Nov 12 22:03 : config: option 'buffer_time' on line 219 was not recognized
Nov 12 22:46 : config: option 'buffer_time' on line 219 was not recognized
Nov 13 14:11 : config: option 'buffer_time' on line 219 was not recognized
Nov 15 19:59 : config: option 'buffer_time' on line 219 was not recognized
Nov 20 22:24 : config: option 'buffer_time' on line 219 was not recognized
Nov 24 19:54 : config: option 'buffer_time' on line 219 was not recognized
Nov 24 20:34 : config: option 'buffer_time' on line 219 was not recognized
Nov 25 11:02 : config: option 'buffer_time' on line 219 was not recognized
Nov 26 12:35 : config: option 'buffer_time' on line 219 was not recognized
Nov 28 20:56 : config: option 'buffer_time' on line 219 was not recognized
Nov 30 11:33 : config: option 'buffer_time' on line 219 was not recognized
Dec 01 09:54 : config: option 'buffer_time' on line 219 was not recognized
Dec 03 12:52 : config: option 'buffer_time' on line 219 was not recognized
Dec 07 16:07 : config: option 'buffer_time' on line 219 was not recognized
Dec 13 18:04 : config: option 'buffer_time' on line 219 was not recognized
Dec 16 02:34 : config: option 'buffer_time' on line 219 was not recognized
Dec 16 20:07 : config: option 'buffer_time' on line 219 was not recognized
Dec 18 03:01 : config: option 'buffer_time' on line 219 was not recognized
Dec 20 21:14 : config: option 'buffer_time' on line 219 was not recognized
Dec 24 16:45 : config: option 'buffer_time' on line 219 was not recognized
Dec 24 18:54 : config: option 'buffer_time' on line 219 was not recognized
Dec 28 15:25 : config: option 'buffer_time' on line 219 was not recognized
Dec 31 20:03 : config: option 'buffer_time' on line 219 was not recognized
Jan 02 15:26 : config: option 'buffer_time' on line 219 was not recognized
Jan 05 00:32 : config: option 'buffer_time' on line 219 was not recognized
Jan 05 16:49 : config: option 'buffer_time' on line 219 was not recognized
Jan 05 19:13 : config: option 'buffer_time' on line 219 was not recognized
Jan 08 20:20 : config: option 'buffer_time' on line 219 was not recognized
Jan 13 23:23 : config: option 'buffer_time' on line 219 was not recognized
Jan 23 22:15 : config: option 'buffer_time' on line 219 was not recognized
Jan 24 00:27 : config: option 'buffer_time' on line 219 was not recognized
Jan 24 02:42 : config: option 'buffer_time' on line 219 was not recognized
Jan 25 00:55 : config: option 'buffer_time' on line 219 was not recognized
Jan 25 19:42 : config: option 'buffer_time' on line 219 was not recognized
Jan 26 12:28 : config: option 'buffer_time' on line 219 was not recognized
Jan 27 14:15 : config: option 'buffer_time' on line 219 was not recognized
Jan 29 11:37 : config: option 'buffer_time' on line 219 was not recognized
Jan 29 15:48 : config: option 'buffer_time' on line 219 was not recognized
Jan 30 14:42 : config: option 'buffer_time' on line 219 was not recognized
Jan 30 14:55 : config: option 'buffer_time' on line 219 was not recognized
Feb 02 15:02 : config: option 'buffer_time' on line 219 was not recognized
Feb 03 00:23 : config: option 'buffer_time' on line 219 was not recognized
Feb 03 00:33 : config: option 'buffer_time' on line 219 was not recognized
Feb 03 00:49 : config: option 'buffer_time' on line 219 was not recognized
Feb 03 00:53 : config: option 'buffer_time' on line 219 was not recognized
Feb 03 01:01 : config: option 'buffer_time' on line 219 was not recognized
Feb 03 12:39 : config: option 'buffer_time' on line 219 was not recognized
Feb 03 19:35 : config: option 'buffer_time' on line 219 was not recognized
Feb 03 23:52 : config: option 'buffer_time' on line 219 was not recognized
Feb 03 23:52 : config: option 'buffer_time' on line 219 was not recognized
Feb 04 13:04 : config: option 'buffer_time' on line 219 was not recognized
Feb 05 14:59 : config: option 'buffer_time' on line 219 was not recognized
Feb 07 14:39 : config: option 'buffer_time' on line 219 was not recognized
Feb 07 16:04 : config: option 'buffer_time' on line 219 was not recognized
Feb 08 00:21 : config: option 'buffer_time' on line 219 was not recognized
Feb 08 14:49 : config: option 'buffer_time' on line 219 was not recognized
Feb 08 15:23 : config: option 'buffer_time' on line 219 was not recognized
Feb 09 16:02 : config: option 'buffer_time' on line 219 was not recognized
Feb 10 17:32 : config: option 'buffer_time' on line 219 was not recognized
Feb 10 17:33 : config: option 'buffer_time' on line 219 was not recognized
Feb 11 18:12 : config: option 'buffer_time' on line 219 was not recognized
Feb 13 23:37 : config: option 'buffer_time' on line 219 was not recognized
Feb 14 14:27 : config: option 'buffer_time' on line 219 was not recognized
Feb 15 18:08 : config: option 'buffer_time' on line 219 was not recognized
Feb 15 23:25 : config: option 'buffer_time' on line 219 was not recognized
Feb 15 23:49 : config: option 'buffer_time' on line 219 was not recognized
Feb 16 13:54 : config: option 'buffer_time' on line 219 was not recognized
Feb 16 14:01 : config: option 'buffer_time' on line 219 was not recognized
Feb 16 21:47 : config: option 'buffer_time' on line 219 was not recognized
Feb 17 20:39 : config: option 'buffer_time' on line 219 was not recognized
Feb 17 21:39 : config: option 'buffer_time' on line 219 was not recognized
Feb 19 17:02 : config: option 'buffer_time' on line 219 was not recognized
Feb 19 18:13 : config: option 'buffer_time' on line 219 was not recognized
Feb 20 15:15 : config: option 'buffer_time' on line 219 was not recognized
Feb 21 16:13 : config: option 'buffer_time' on line 219 was not recognized
Feb 25 17:02 : config: option 'buffer_time' on line 219 was not recognized
Feb 29 01:36 : config: option 'buffer_time' on line 219 was not recognized
Mar 02 22:47 : config: option 'buffer_time' on line 219 was not recognized
Mar 05 18:17 : config: option 'buffer_time' on line 219 was not recognized
Mar 05 22:35 : config: option 'buffer_time' on line 219 was not recognized
Mar 06 00:44 : config: option 'buffer_time' on line 219 was not recognized
Mar 06 14:22 : config: option 'buffer_time' on line 219 was not recognized
Mar 06 16:09 : config: option 'buffer_time' on line 219 was not recognized
Mar 07 00:48 : config: option 'buffer_time' on line 219 was not recognized
Mar 07 14:42 : config: option 'buffer_time' on line 219 was not recognized
Mar 11 23:43 : config: option 'buffer_time' on line 219 was not recognized
Mar 13 01:29 : config: option 'buffer_time' on line 219 was not recognized
Mar 13 13:05 : config: option 'buffer_time' on line 219 was not recognized
Mar 18 22:43 : config: option 'buffer_time' on line 219 was not recognized
Mar 19 17:19 : config: option 'buffer_time' on line 219 was not recognized
Mar 20 22:30 : config: option 'buffer_time' on line 219 was not recognized
Mar 21 16:59 : config: option 'buffer_time' on line 219 was not recognized
Mar 22 14:46 : config: option 'buffer_time' on line 219 was not recognized
Mar 23 13:26 : config: option 'buffer_time' on line 219 was not recognized
Mar 25 00:51 : config: option 'buffer_time' on line 219 was not recognized
Mar 27 00:32 : config: option 'buffer_time' on line 219 was not recognized
Mar 30 13:18 : config: option 'buffer_time' on line 219 was not recognized
Apr 05 16:32 : config: option 'buffer_time' on line 219 was not recognized
Apr 06 22:06 : config: option 'buffer_time' on line 219 was not recognized
Apr 07 11:52 : config: option 'buffer_time' on line 219 was not recognized
Apr 08 11:10 : config: option 'buffer_time' on line 219 was not recognized
Apr 08 20:02 : config: option 'buffer_time' on line 219 was not recognized
Apr 08 22:50 : config: option 'buffer_time' on line 219 was not recognized
Apr 09 02:40 : config: option 'buffer_time' on line 219 was not recognized
Apr 09 04:06 : config: option 'buffer_time' on line 219 was not recognized
Apr 09 09:57 : config: option 'buffer_time' on line 219 was not recognized
Apr 10 11:38 : config: option 'buffer_time' on line 219 was not recognized
Apr 10 12:39 : config: option 'buffer_time' on line 219 was not recognized
Apr 10 18:42 : config: option 'buffer_time' on line 219 was not recognized
Apr 10 22:37 : config: option 'buffer_time' on line 219 was not recognized
Apr 11 15:15 : config: option 'buffer_time' on line 219 was not recognized
Apr 12 13:46 : config: option 'buffer_time' on line 219 was not recognized
Apr 12 17:47 : config: option 'buffer_time' on line 219 was not recognized
Apr 12 22:03 : config: option 'buffer_time' on line 219 was not recognized
Apr 13 01:32 : config: option 'buffer_time' on line 219 was not recognized
Apr 13 02:09 : config: option 'buffer_time' on line 219 was not recognized
Apr 13 02:09 : config: option 'buffer_time' on line 219 was not recognized
Apr 13 02:11 : config: option 'buffer_time' on line 219 was not recognized
Apr 13 02:26 : config: option 'buffer_time' on line 219 was not recognized
Apr 13 02:26 : config: option 'buffer_time' on line 219 was not recognized
Apr 13 02:28 : config: option 'buffer_time' on line 219 was not recognized
Apr 13 02:28 : config: option 'buffer_time' on line 219 was not recognized
Apr 13 02:38 : config: option 'buffer_time' on line 219 was not recognized
Apr 13 02:38 : config: option 'buffer_time' on line 219 was not recognized
Apr 13 02:38 : config: option 'buffer_time' on line 219 was not recognized
Apr 13 03:04 : config: option 'buffer_time' on line 219 was not recognized
Apr 13 03:04 : config: option 'buffer_time' on line 219 was not recognized
Apr 13 03:07 : config: option 'buffer_time' on line 219 was not recognized
Apr 13 04:38 : config: option 'buffer_time' on line 219 was not recognized
Apr 13 04:38 : config: option 'buffer_time' on line 219 was not recognized
Apr 13 04:39 : config: option 'buffer_time' on line 219 was not recognized
Apr 13 05:02 : config: option 'buffer_time' on line 219 was not recognized
Apr 13 06:00 : config: option 'buffer_time' on line 219 was not recognized
Apr 13 11:07 : config: option 'buffer_time' on line 219 was not recognized
Apr 14 11:55 : config: option 'buffer_time' on line 219 was not recognized
Apr 15 12:57 : config: option 'buffer_time' on line 219 was not recognized
Apr 15 22:23 : config: option 'buffer_time' on line 219 was not recognized
Apr 15 23:22 : exception: Failed to enable output "My Pulse Output" (pulse); pa_context_connect() has failed: Connection refused
Apr 15 23:28 : player: played "中文/肥皂菌丨珉珉的猫咪丨 - 万神纪（人声本家·正式版）.mp3"
Apr 15 23:32 : flac: FLAC__STREAM_DECODER_ERROR_STATUS_LOST_SYNC
Apr 15 23:32 : player: played "中文/周杰伦/周杰伦 - 分裂.flac"
Apr 15 23:36 : flac: FLAC__STREAM_DECODER_ERROR_STATUS_LOST_SYNC
Apr 15 23:36 : player: played "中文/周杰伦/周杰伦 - 半兽人.flac"
Apr 15 23:41 : flac: FLAC__STREAM_DECODER_ERROR_STATUS_LOST_SYNC
Apr 15 23:41 : player: played "中文/周杰伦/周杰伦 - 半岛铁盒.flac"
Apr 15 23:45 : flac: FLAC__STREAM_DECODER_ERROR_STATUS_LOST_SYNC
Apr 15 23:45 : player: played "中文/周杰伦/周杰伦 - 回到过去.flac"
Apr 15 23:49 : flac: FLAC__STREAM_DECODER_ERROR_STATUS_LOST_SYNC
Apr 15 23:50 : player: played "中文/周杰伦/周杰伦 - 暗号.flac"
Apr 16 11:08 : config: option 'buffer_time' on line 219 was not recognized
Apr 16 11:08 : exception: Failed to enable output "My Pulse Output" (pulse); pa_context_connect() has failed: Connection refused
Apr 16 20:18 : player: played "中文/周杰伦/周杰伦 - 最后的战役.flac"
Apr 16 20:19 : config: option 'buffer_time' on line 219 was not recognized
Apr 16 20:19 : exception: Failed to enable output "My Pulse Output" (pulse); pa_context_connect() has failed: Connection refused
Apr 17 17:45 : player: played "中文/周杰伦/周杰伦 - 最后的战役.flac"
Apr 18 00:31 : config: option 'buffer_time' on line 219 was not recognized
Apr 18 00:31 : exception: Failed to enable output "My Pulse Output" (pulse); pa_context_connect() has failed: Connection refused
Apr 18 03:01 : player: played "中文/周杰伦/周杰伦 - 最后的战役.flac"
Apr 18 03:02 : config: option 'buffer_time' on line 219 was not recognized
Apr 18 03:02 : exception: Failed to enable output "My Pulse Output" (pulse); pa_context_connect() has failed: Connection refused
Apr 18 03:04 : player: played "中文/周杰伦/周杰伦 - 最后的战役.flac"
Apr 18 12:18 : config: option 'buffer_time' on line 219 was not recognized
Apr 18 12:18 : exception: Failed to enable output "My Pulse Output" (pulse); pa_context_connect() has failed: Connection refused
Apr 18 12:21 : player: played "中文/周杰伦/周杰伦 - 最后的战役.flac"
Apr 18 12:22 : config: option 'buffer_time' on line 219 was not recognized
Apr 18 12:22 : exception: Failed to enable output "My Pulse Output" (pulse); pa_context_connect() has failed: Connection refused
Apr 18 13:12 : player: played "中文/周杰伦/周杰伦 - 最后的战役.flac"
Apr 18 13:13 : config: option 'buffer_time' on line 219 was not recognized
Apr 18 13:13 : exception: Failed to enable output "My Pulse Output" (pulse); pa_context_connect() has failed: Connection refused
Apr 18 18:38 : player: played "中文/周杰伦/周杰伦 - 最后的战役.flac"
Apr 18 18:39 : config: option 'buffer_time' on line 219 was not recognized
Apr 18 18:39 : exception: Failed to enable output "My Pulse Output" (pulse); pa_context_connect() has failed: Connection refused
Apr 21 18:04 : config: option 'buffer_time' on line 219 was not recognized
Apr 21 18:04 : player: played "中文/周杰伦/周杰伦 - 最后的战役.flac"
Apr 21 18:04 : config: option 'buffer_time' on line 219 was not recognized
Apr 21 18:04 : player: played "中文/周杰伦/周杰伦 - 最后的战役.flac"
Apr 21 18:12 : config: option 'buffer_time' on line 219 was not recognized
Apr 21 18:17 : flac: FLAC__STREAM_DECODER_ERROR_STATUS_LOST_SYNC
Apr 21 18:17 : player: played "中文/周杰伦/周杰伦 - 半岛铁盒.flac"
Apr 21 18:21 : flac: FLAC__STREAM_DECODER_ERROR_STATUS_LOST_SYNC
Apr 21 18:21 : player: played "中文/周杰伦/周杰伦 - 回到过去.flac"
Apr 21 18:25 : flac: FLAC__STREAM_DECODER_ERROR_STATUS_LOST_SYNC
Apr 21 18:26 : player: played "中文/周杰伦/周杰伦 - 暗号.flac"
Apr 21 18:32 : flac: FLAC__STREAM_DECODER_ERROR_STATUS_LOST_SYNC
Apr 21 18:32 : player: played "中文/周杰伦/周杰伦 - 火车叨位去.flac"
Apr 21 18:39 : flac: FLAC__STREAM_DECODER_ERROR_STATUS_LOST_SYNC
Apr 21 18:40 : player: played "中文/许嵩/许嵩 - 如果当时.flac"
Apr 21 18:44 : flac: FLAC__STREAM_DECODER_ERROR_STATUS_LOST_SYNC
Apr 21 18:44 : player: played "中文/许嵩/许嵩 - 多余的解释.flac"
Apr 21 18:48 : flac: FLAC__STREAM_DECODER_ERROR_STATUS_LOST_SYNC
Apr 21 18:48 : player: played "中文/许嵩/许嵩 - 有何不可.flac"
Apr 21 18:52 : flac: FLAC__STREAM_DECODER_ERROR_STATUS_LOST_SYNC
Apr 21 18:52 : player: played "中文/许嵩/许嵩 - 坏孩子.flac"
Apr 21 18:56 : flac: FLAC__STREAM_DECODER_ERROR_STATUS_LOST_SYNC
Apr 21 18:56 : player: played "中文/许嵩/许嵩 - 清明雨上.flac"
Apr 21 18:59 : flac: FLAC__STREAM_DECODER_ERROR_STATUS_LOST_SYNC
Apr 21 18:59 : player: played "中文/许嵩/许嵩 - 城府.flac"
Apr 21 19:04 : flac: FLAC__STREAM_DECODER_ERROR_STATUS_LOST_SYNC
Apr 21 19:04 : player: played "中文/许嵩/许嵩 - 认错.flac"
Apr 21 19:08 : flac: FLAC__STREAM_DECODER_ERROR_STATUS_LOST_SYNC
Apr 21 19:08 : player: played "中文/许嵩/许嵩 - 内线.flac"
Apr 21 19:12 : flac: FLAC__STREAM_DECODER_ERROR_STATUS_LOST_SYNC
Apr 21 19:12 : player: played "中文/许嵩/许嵩 - 星座书上.flac"
Apr 21 19:16 : player: played "中文/泠鸢yousa - 【取经计划·原创】新·九九八十一（官方优化版）.mp3"
Apr 21 19:19 : player: played "中文/周杰伦,蔡威泽 - 魔术与歌曲：告白气球.mp3"
Apr 21 19:24 : player: played "中文/肥皂菌丨珉珉的猫咪丨 - 万神纪（人声本家·正式版）.mp3"
Apr 21 19:28 : player: played "中文/三无MarBlue - 达拉崩吧（Cover 洛天依&言和）.mp3"
Apr 21 19:31 : player: played "中文/三无MarBlue - 深夜诗人.mp3"
Apr 21 19:57 : player: played "中文/夏天Alex - 不再联系.mp3"
Apr 21 20:01 : player: played "中文/徐良,汪苏泷 - 后会无期.mp3"
Apr 21 20:06 : player: played "中文/Jam - 不露声色.mp3"
Apr 21 20:11 : player: played "中文/乐正绫,純白P,洛天依 - 白石溪.mp3"
Apr 21 20:16 : player: played "中文/星尘,純白P - 中华纯白娘.mp3"
Apr 21 20:20 : player: played "中文/洛天依 - 天行健.flac"
Apr 21 22:07 : player: played "中文/洛天依,乐正绫 - 双生契.flac"
